[debug] [2023-03-05T09:15:27.496Z] ----------------------------------------------------------------------
[debug] [2023-03-05T09:15:27.499Z] Command:       /usr/local/bin/node /usr/local/bin/firebase emulators:start
[debug] [2023-03-05T09:15:27.499Z] CLI Version:   11.13.0
[debug] [2023-03-05T09:15:27.499Z] Platform:      darwin
[debug] [2023-03-05T09:15:27.499Z] Node Version:  v16.17.1
[debug] [2023-03-05T09:15:27.508Z] Time:          Sun Mar 05 2023 01:15:27 GMT-0800 (Pacific Standard Time)
[debug] [2023-03-05T09:15:27.509Z] ----------------------------------------------------------------------
[debug] 
[debug] [2023-03-05T09:15:27.511Z] >>> [apiv2][query] GET https://firebase-public.firebaseio.com/cli.json [none]
[debug] [2023-03-05T09:15:27.583Z] > command requires scopes: ["email","openid","https://www.googleapis.com/auth/cloudplatformprojects.readonly","https://www.googleapis.com/auth/firebase","https://www.googleapis.com/auth/cloud-platform"]
[debug] [2023-03-05T09:15:27.584Z] > authorizing via signed-in user (puneet.patil1999@gmail.com)
[info] i  emulators: Starting emulators: functions {"metadata":{"emulator":{"name":"hub"},"message":"Starting emulators: functions"}}
[debug] [2023-03-05T09:15:27.619Z] [hub] writing locator at /var/folders/bz/pv6ybvz5433d3cfzmr4q8lkc0000gn/T/hub-app-clone-ca980.json
[warn] ⚠  functions: The following emulators are not running, calls to these services from the Functions emulator will affect production: auth, firestore, database, hosting, pubsub, storage, eventarc {"metadata":{"emulator":{"name":"functions"},"message":"The following emulators are not running, calls to these services from the Functions emulator will affect production: \u001b[1mauth, firestore, database, hosting, pubsub, storage, eventarc\u001b[22m"}}
[info] ✔  functions: Using node@16 from host. {"metadata":{"emulator":{"name":"functions"},"message":"Using node@16 from host."}}
[debug] [2023-03-05T09:15:27.650Z] defaultcredentials: writing to file /Users/p.unit/.config/firebase/puneet_patil1999_gmail.com_application_default_credentials.json
[debug] [2023-03-05T09:15:27.653Z] Setting GAC to /Users/p.unit/.config/firebase/puneet_patil1999_gmail.com_application_default_credentials.json {"metadata":{"emulator":{"name":"functions"},"message":"Setting GAC to /Users/p.unit/.config/firebase/puneet_patil1999_gmail.com_application_default_credentials.json"}}
[debug] [2023-03-05T09:15:27.654Z] > refreshing access token with scopes: []
[debug] [2023-03-05T09:15:27.655Z] >>> [apiv2][query] POST https://www.googleapis.com/oauth2/v3/token [none]
[debug] [2023-03-05T09:15:27.655Z] >>> [apiv2][body] POST https://www.googleapis.com/oauth2/v3/token [omitted]
[debug] [2023-03-05T09:15:27.824Z] <<< [apiv2][status] GET https://firebase-public.firebaseio.com/cli.json 200
[debug] [2023-03-05T09:15:27.825Z] <<< [apiv2][body] GET https://firebase-public.firebaseio.com/cli.json {"cloudBuildErrorAfter":1594252800000,"cloudBuildWarnAfter":1590019200000,"defaultNode10After":1594252800000,"minVersion":"3.0.5","node8DeploysDisabledAfter":1613390400000,"node8RuntimeDisabledAfter":1615809600000,"node8WarnAfter":1600128000000}
[debug] [2023-03-05T09:15:27.886Z] <<< [apiv2][status] POST https://www.googleapis.com/oauth2/v3/token 200
[debug] [2023-03-05T09:15:27.886Z] <<< [apiv2][body] POST https://www.googleapis.com/oauth2/v3/token [omitted]
[debug] [2023-03-05T09:15:27.936Z] >>> [apiv2][query] GET https://firebase.googleapis.com/v1beta1/projects/app-clone-ca980/adminSdkConfig [none]
[debug] [2023-03-05T09:15:28.332Z] <<< [apiv2][status] GET https://firebase.googleapis.com/v1beta1/projects/app-clone-ca980/adminSdkConfig 200
[debug] [2023-03-05T09:15:28.332Z] <<< [apiv2][body] GET https://firebase.googleapis.com/v1beta1/projects/app-clone-ca980/adminSdkConfig {"projectId":"app-clone-ca980","storageBucket":"app-clone-ca980.appspot.com"}
[debug] [2023-03-05T09:15:28.388Z] Ignoring unsupported arg: auto_download {"metadata":{"emulator":{"name":"ui"},"message":"Ignoring unsupported arg: auto_download"}}
[debug] [2023-03-05T09:15:28.388Z] Ignoring unsupported arg: port {"metadata":{"emulator":{"name":"ui"},"message":"Ignoring unsupported arg: port"}}
[debug] [2023-03-05T09:15:28.388Z] Starting Emulator UI with command {"binary":"node","args":["/Users/p.unit/.cache/firebase/emulators/ui-v1.9.0/server/server.js"],"optionalArgs":[],"joinArgs":false} {"metadata":{"emulator":{"name":"ui"},"message":"Starting Emulator UI with command {\"binary\":\"node\",\"args\":[\"/Users/p.unit/.cache/firebase/emulators/ui-v1.9.0/server/server.js\"],\"optionalArgs\":[],\"joinArgs\":false}"}}
[info] i  ui: Emulator UI logging to ui-debug.log {"metadata":{"emulator":{"name":"ui"},"message":"Emulator UI logging to \u001b[1mui-debug.log\u001b[22m"}}
[debug] [2023-03-05T09:15:28.514Z] Web / API server started at localhost:4000
 {"metadata":{"emulator":{"name":"ui"},"message":"Web / API server started at localhost:4000\n"}}
[info] i  functions: Watching "/Users/p.unit/Downloads/Amazon-Clone-master-2/functions" for Cloud Functions... {"metadata":{"emulator":{"name":"functions"},"message":"Watching \"/Users/p.unit/Downloads/Amazon-Clone-master-2/functions\" for Cloud Functions..."}}
[debug] [2023-03-05T09:15:28.669Z] Validating nodejs source
[warn] ⚠  functions: package.json indicates an outdated version of firebase-functions. Please upgrade using npm install --save firebase-functions@latest in your functions directory. 
[warn] ⚠  functions: Please note that there will be breaking changes when you upgrade. 
[debug] [2023-03-05T09:15:30.236Z] > [functions] package.json contents: {
  "name": "functions",
  "description": "Cloud Functions for Firebase",
  "scripts": {
    "serve": "firebase emulators:start --only functions",
    "shell": "firebase functions:shell",
    "start": "nodemon index.js",
    "deploy": "firebase deploy --only functions",
    "logs": "firebase functions:log"
  },
  "engines": {
    "node": "16"
  },
  "main": "index.js",
  "dependencies": {
    "express": "^4.18.2",
    "firebase-admin": "^10.0.2",
    "firebase-functions": "^3.18.0",
    "nodemon": "^2.0.20",
    "stripe": "^11.11.0"
  },
  "devDependencies": {
    "firebase-functions-test": "^0.2.0"
  },
  "private": true
}
[debug] [2023-03-05T09:15:30.236Z] Building nodejs source
[debug] [2023-03-05T09:15:30.237Z] Analyzing nodejs backend spec
[debug] [2023-03-05T09:15:30.239Z] Could not find functions.yaml. Must use http discovery
[debug] [2023-03-05T09:15:30.464Z] Serving at port 9005

[error] ⬢  functions: Failed to load function definition from source: FetchError: request to http://localhost:9005/__/quitquitquit failed, reason: connect ECONNREFUSED 127.0.0.1:9005 {"metadata":{"emulator":{"name":"functions"},"message":"Failed to load function definition from source: FetchError: request to http://localhost:9005/__/quitquitquit failed, reason: connect ECONNREFUSED 127.0.0.1:9005"}}
[info] 
┌─────────────────────────────────────────────────────────────┐
│ ✔  All emulators ready! It is now safe to connect your app. │
│ i  View Emulator UI at http://localhost:4000                │
└─────────────────────────────────────────────────────────────┘

┌───────────┬────────────────┬─────────────────────────────────┐
│ Emulator  │ Host:Port      │ View in Emulator UI             │
├───────────┼────────────────┼─────────────────────────────────┤
│ Functions │ localhost:5001 │ http://localhost:4000/functions │
└───────────┴────────────────┴─────────────────────────────────┘
  Emulator Hub running at localhost:4400
  Other reserved ports: 4500

Issues? Report them at https://github.com/firebase/firebase-tools/issues and attach the *-debug.log files.
 
